<?xml version="1.0" encoding="UTF-8"?>
<!-- Generated by org.testng.reporters.JUnitReportReporter -->
<testsuite hostname="DESKTOP-VE8V3VS" failures="0" tests="1" name="com.tests.SeleniumAutomaitonGitHub.tests.AutomationScriptsSalesforceTestNG" time="49.523" errors="0" timestamp="2023-06-25T13:15:30 CDT" skipped="0">
  <testcase classname="com.tests.SeleniumAutomaitonGitHub.tests.AutomationScriptsSalesforceTestNG" name="verifyTabCustomization_to_salesforce_testscript_TestCase35" time="49.523"/>
  <system-out/>
</testsuite> <!-- com.tests.SeleniumAutomaitonGitHub.tests.AutomationScriptsSalesforceTestNG -->
